<?xml version="1.0" encoding="UTF-8"?>
<!-- Generated by org.testng.reporters.JUnitXMLReporter -->
<testsuite hostname="SMADETI-L-1388" ignored="0" name="Dorman Products search  Test Cases" tests="2" failures="0" timestamp="25 Oct 2018 12:17:49 GMT" time="12.272" errors="0">
  <testcase name="searhc" time="0.011" classname="test.java.com.dorman.qa.testcases.DormanSearchPageTest"/>
  <testcase name="verifySearchYMMPTResult" time="0.312" classname="test.java.com.dorman.qa.testcases.DormanSearchPageTest"/>
</testsuite> <!-- Dorman Products search  Test Cases -->
