<?xml version="1.0" encoding="UTF-8"?>
<!-- Generated by org.testng.reporters.JUnitXMLReporter -->
<testsuite hostname="SMADETI-L-1388" ignored="0" name="Default test" tests="2" failures="0" timestamp="25 Oct 2018 12:09:51 GMT" time="11.946" errors="0">
  <testcase name="searhc" time="0.01" classname="test.java.com.dorman.qa.testcases.DormanSearchPageTest"/>
  <testcase name="verifySearchYMMPTResult" time="0.323" classname="test.java.com.dorman.qa.testcases.DormanSearchPageTest"/>
</testsuite> <!-- Default test -->
