<?xml version="1.0" encoding="UTF-8"?>
<testng-results skipped="0" failed="0" ignored="0" total="2" passed="2">
  <reporter-output>
  </reporter-output>
  <suite name="Dorman Application Test Automation Test Suite" duration-ms="17037" started-at="2018-10-26T08:00:46Z" finished-at="2018-10-26T08:01:03Z">
    <groups>
    </groups>
    <test name="Dorman Products search  Test Cases" duration-ms="17037" started-at="2018-10-26T08:00:46Z" finished-at="2018-10-26T08:01:03Z">
      <class name="test.java.com.dorman.qa.testcases.DormanSearchPageTest">
        <test-method status="PASS" signature="setUp()[pri:0, instance:test.java.com.dorman.qa.testcases.DormanSearchPageTest@589838eb]" name="setUp" is-config="true" duration-ms="13508" started-at="2018-10-26T13:30:46Z" finished-at="2018-10-26T13:30:59Z">
          <reporter-output>
          </reporter-output>
        </test-method> <!-- setUp -->
        <test-method status="PASS" signature="searhc()[pri:1, instance:test.java.com.dorman.qa.testcases.DormanSearchPageTest@589838eb]" name="searhc" duration-ms="7" started-at="2018-10-26T13:30:59Z" finished-at="2018-10-26T13:30:59Z">
          <reporter-output>
          </reporter-output>
        </test-method> <!-- searhc -->
        <test-method status="PASS" signature="screenShot(org.testng.ITestResult)[pri:0, instance:test.java.com.dorman.qa.testcases.DormanSearchPageTest@589838eb]" name="screenShot" is-config="true" duration-ms="533" started-at="2018-10-26T13:30:59Z" finished-at="2018-10-26T13:31:00Z">
          <params>
            <param index="0">
              <value>
                <![CDATA[[TestResult name=searhc status=SUCCESS method=DormanSearchPageTest.searhc()[pri:1, instance:test.java.com.dorman.qa.testcases.DormanSearchPageTest@589838eb] output={null}]]]>
              </value>
            </param>
          </params>
          <reporter-output>
          </reporter-output>
        </test-method> <!-- screenShot -->
        <test-method status="PASS" signature="verifySearchYMMPTResult()[pri:2, instance:test.java.com.dorman.qa.testcases.DormanSearchPageTest@589838eb]" name="verifySearchYMMPTResult" duration-ms="532" started-at="2018-10-26T13:31:00Z" description="First Time Logging to Adrenalin" finished-at="2018-10-26T13:31:00Z">
          <reporter-output>
          </reporter-output>
        </test-method> <!-- verifySearchYMMPTResult -->
        <test-method status="PASS" signature="screenShot(org.testng.ITestResult)[pri:0, instance:test.java.com.dorman.qa.testcases.DormanSearchPageTest@589838eb]" name="screenShot" is-config="true" duration-ms="365" started-at="2018-10-26T13:31:00Z" finished-at="2018-10-26T13:31:01Z">
          <params>
            <param index="0">
              <value>
                <![CDATA[[TestResult name=verifySearchYMMPTResult status=SUCCESS method=DormanSearchPageTest.verifySearchYMMPTResult()[pri:2, instance:test.java.com.dorman.qa.testcases.DormanSearchPageTest@589838eb] output={null}]]]>
              </value>
            </param>
          </params>
          <reporter-output>
          </reporter-output>
        </test-method> <!-- screenShot -->
        <test-method status="PASS" signature="tearDown()[pri:0, instance:test.java.com.dorman.qa.testcases.DormanSearchPageTest@589838eb]" name="tearDown" is-config="true" duration-ms="2028" started-at="2018-10-26T13:31:01Z" finished-at="2018-10-26T13:31:03Z">
          <reporter-output>
          </reporter-output>
        </test-method> <!-- tearDown -->
      </class> <!-- test.java.com.dorman.qa.testcases.DormanSearchPageTest -->
    </test> <!-- Dorman Products search  Test Cases -->
  </suite> <!-- Dorman Application Test Automation Test Suite -->
</testng-results>
